2015-01-27 15:45:26,826 INFO c.h.o.c.l.LoggingConfiguration [main] Boot Logger Initialized
2015-01-27 15:45:26,854 INFO c.h.o.c.o.Threading [main] ThreadPoolAndScheduling Service Initialized
	ThreadPool Size:18
	ThreadPool QueueSize:1024
	Tick Size: 500
	Wheel Size: 7200
2015-01-27 15:45:26,951 INFO c.h.o.c.l.LoggingConfiguration [main] tsdb-csf Logging Service configured from [file:/home/nwhitehead/hprojects/tsdb-csf/csf-core/target/test-classes/log4j/tsdb-csf-log4j2.xml]
2015-01-27 15:45:26,955 INFO c.h.o.c.o.MetricPersistence [main] Metric Persistence Started in [/home/nwhitehead/.tsdb-metrics/KitchenSink]
2015-01-27 15:45:27,010 INFO c.h.o.c.o.ConnectivityChecker [main] ConnectivityChecker Started
	URL:http://localhost:4242/api/version
	Period:5 s
	Connect Timeout:5000 ms
	Request Timeout:5 ms
2015-01-27 15:45:27,011 INFO c.h.o.c.o.HttpMetricsPoster [main] AsyncHttpClient Created
2015-01-27 15:45:27,013 INFO c.h.o.c.o.HttpMetricsPoster [main] Registered management MBean for HttpMetricsPoster: [com.heliosapm.opentsdb.client.opentsdb:service=HttpMetricsPoster]
2015-01-27 15:45:27,137 INFO c.h.o.c.o.HttpMetricsPoster [main] 
	=================
	TSDB Connected
	[http://localhost:4242]
	=================

2015-01-27 15:45:27,211 INFO c.h.o.c.o.HttpMetricsPoster$1 [New I/O worker #1] Annotation Post Complete: code:200
2015-01-27 16:06:12,618 INFO c.h.o.c.l.LoggingConfiguration [main] Boot Logger Initialized
2015-01-27 16:06:12,646 INFO c.h.o.c.o.Threading [main] ThreadPoolAndScheduling Service Initialized
	ThreadPool Size:18
	ThreadPool QueueSize:1024
	Tick Size: 500
	Wheel Size: 7200
2015-01-27 16:06:12,727 INFO c.h.o.c.l.LoggingConfiguration [main] tsdb-csf Logging Service configured from [file:/home/nwhitehead/hprojects/tsdb-csf/csf-core/target/test-classes/log4j/tsdb-csf-log4j2.xml]
2015-01-27 16:06:12,728 INFO c.h.o.c.l.LoggingConfiguration [main] Deleted PID Log File: [/home/nwhitehead/.tsdb-metrics/tsdb-csf-24722-hserval-boot-1422392772586.log]
2015-01-27 16:06:12,731 INFO c.h.o.c.o.MetricPersistence [main] Metric Persistence Started in [/home/nwhitehead/.tsdb-metrics/KitchenSink]
2015-01-27 16:06:12,790 INFO c.h.o.c.o.ConnectivityChecker [main] ConnectivityChecker Started
	URL:http://localhost:4242/api/version
	Period:5 s
	Connect Timeout:5000 ms
	Request Timeout:5 ms
2015-01-27 16:06:12,791 INFO c.h.o.c.o.HttpMetricsPoster [main] AsyncHttpClient Created
2015-01-27 16:06:12,793 INFO c.h.o.c.o.HttpMetricsPoster [main] Registered management MBean for HttpMetricsPoster: [com.heliosapm.opentsdb.client.opentsdb:service=HttpMetricsPoster]
2015-01-27 16:06:12,896 INFO c.h.o.c.o.HttpMetricsPoster [main] 
	=================
	TSDB Connected
	[http://localhost:4242]
	=================

2015-01-27 16:06:12,915 INFO c.h.o.c.o.HttpMetricsPoster$1 [New I/O worker #1] Annotation Post Complete: code:200
2015-01-27 16:10:30,935 INFO c.h.o.c.l.LoggingConfiguration [main] Boot Logger Initialized
2015-01-27 16:10:30,963 INFO c.h.o.c.o.Threading [main] ThreadPoolAndScheduling Service Initialized
	ThreadPool Size:18
	ThreadPool QueueSize:1024
	Tick Size: 500
	Wheel Size: 7200
2015-01-27 16:10:31,135 INFO c.h.o.c.l.LoggingConfiguration [main] tsdb-csf Logging Service configured from [file:/home/nwhitehead/hprojects/tsdb-csf/csf-core/target/test-classes/log4j/tsdb-csf-log4j2.xml]
2015-01-27 16:10:31,136 INFO c.h.o.c.l.LoggingConfiguration [main] Deleted PID Log File: [/home/nwhitehead/.tsdb-metrics/tsdb-csf-24928-hserval-boot-1422393030904.log]
2015-01-27 16:10:31,139 INFO c.h.o.c.o.MetricPersistence [main] Metric Persistence Started in [/home/nwhitehead/.tsdb-metrics/KitchenSink]
2015-01-27 16:10:31,193 INFO c.h.o.c.o.ConnectivityChecker [main] ConnectivityChecker Started
	URL:http://localhost:4242/api/version
	Period:5 s
	Connect Timeout:5000 ms
	Request Timeout:5 ms
2015-01-27 16:10:31,194 INFO c.h.o.c.o.HttpMetricsPoster [main] AsyncHttpClient Created
2015-01-27 16:10:31,196 INFO c.h.o.c.o.HttpMetricsPoster [main] Registered management MBean for HttpMetricsPoster: [com.heliosapm.opentsdb.client.opentsdb:service=HttpMetricsPoster]
2015-01-27 16:10:31,270 WARN c.h.o.c.o.HttpMetricsPoster [metrics-opentsdb-worker#10] 
	=================
	TSDB Disconnected
	[http://localhost:4242]
	=================

2015-01-27 16:11:12,816 INFO c.h.o.c.l.LoggingConfiguration [main] Boot Logger Initialized
2015-01-27 16:11:12,844 INFO c.h.o.c.o.Threading [main] ThreadPoolAndScheduling Service Initialized
	ThreadPool Size:18
	ThreadPool QueueSize:1024
	Tick Size: 500
	Wheel Size: 7200
2015-01-27 16:11:12,889 INFO c.h.o.c.l.LoggingConfiguration [main] tsdb-csf Logging Service configured from [file:/home/nwhitehead/hprojects/tsdb-csf/csf-core/target/test-classes/log4j/tsdb-csf-log4j2.xml]
2015-01-27 16:11:12,889 INFO c.h.o.c.l.LoggingConfiguration [main] Deleted PID Log File: [/home/nwhitehead/.tsdb-metrics/tsdb-csf-25299-hserval-boot-1422393072785.log]
2015-01-27 16:11:12,892 INFO c.h.o.c.o.MetricPersistence [main] Metric Persistence Started in [/home/nwhitehead/.tsdb-metrics/KitchenSink]
2015-01-27 16:11:12,961 INFO c.h.o.c.o.ConnectivityChecker [main] ConnectivityChecker Started
	URL:http://localhost:4242/api/version
	Period:5 s
	Connect Timeout:5000 ms
	Request Timeout:5 ms
2015-01-27 16:11:12,962 INFO c.h.o.c.o.HttpMetricsPoster [main] AsyncHttpClient Created
2015-01-27 16:11:12,964 INFO c.h.o.c.o.HttpMetricsPoster [main] Registered management MBean for HttpMetricsPoster: [com.heliosapm.opentsdb.client.opentsdb:service=HttpMetricsPoster]
2015-01-27 16:11:13,105 INFO c.h.o.c.o.HttpMetricsPoster [main] 
	=================
	TSDB Connected
	[http://localhost:4242]
	=================

2015-01-27 16:11:13,184 INFO c.h.o.c.o.HttpMetricsPoster$1 [New I/O worker #1] Annotation Post Complete: code:200
2015-01-27 17:04:11,708 INFO c.h.o.c.l.LoggingConfiguration [main] Boot Logger Initialized
2015-01-27 17:04:11,739 INFO c.h.o.c.o.Threading [main] ThreadPoolAndScheduling Service Initialized
	ThreadPool Size:18
	ThreadPool QueueSize:1024
	Tick Size: 500
	Wheel Size: 7200
2015-01-27 17:04:11,882 INFO c.h.o.c.l.LoggingConfiguration [main] tsdb-csf Logging Service configured from [file:/home/nwhitehead/hprojects/tsdb-csf/csf-core/target/test-classes/log4j/tsdb-csf-log4j2.xml]
2015-01-27 17:04:11,883 INFO c.h.o.c.l.LoggingConfiguration [main] Deleted PID Log File: [/home/nwhitehead/.tsdb-metrics/tsdb-csf-27853-hserval-boot-1422396251671.log]
2015-01-27 17:04:11,892 INFO c.h.o.c.o.MetricPersistence [main] Metric Persistence Started in [/home/nwhitehead/.tsdb-metrics/KitchenSink]
2015-01-27 17:04:12,033 INFO c.h.o.c.o.ConnectivityChecker [main] ConnectivityChecker Started
	URL:http://localhost:4242/api/version
	Period:5 s
	Connect Timeout:5000 ms
	Request Timeout:5 ms
2015-01-27 17:04:12,034 INFO c.h.o.c.o.HttpMetricsPoster [main] AsyncHttpClient Created
2015-01-27 17:04:12,037 INFO c.h.o.c.o.HttpMetricsPoster [main] Registered management MBean for HttpMetricsPoster: [com.heliosapm.opentsdb.client.opentsdb:service=HttpMetricsPoster]
2015-01-27 17:04:12,157 INFO c.h.o.c.o.HttpMetricsPoster [main] 
	=================
	TSDB Connected
	[http://localhost:4242]
	=================

2015-01-27 17:04:12,170 INFO c.h.o.c.o.HttpMetricsPoster$1 [New I/O worker #1] Annotation Post Complete: code:200
2015-01-27 18:21:48,043 INFO c.h.o.c.l.LoggingConfiguration [main] Boot Logger Initialized
2015-01-27 18:21:48,074 INFO c.h.o.c.o.Threading [main] ThreadPoolAndScheduling Service Initialized
	ThreadPool Size:18
	ThreadPool QueueSize:1024
	Tick Size: 500
	Wheel Size: 7200
2015-01-27 18:21:48,152 INFO c.h.o.c.l.LoggingConfiguration [main] tsdb-csf Logging Service configured from [file:/home/nwhitehead/hprojects/tsdb-csf/csf-core/target/test-classes/log4j/tsdb-csf-log4j2.xml]
2015-01-27 18:21:48,152 INFO c.h.o.c.l.LoggingConfiguration [main] Deleted PID Log File: [/home/nwhitehead/.tsdb-metrics/tsdb-csf-32028-hserval-boot-1422400908011.log]
2015-01-27 18:21:48,156 INFO c.h.o.c.o.MetricPersistence [main] Metric Persistence Started in [/home/nwhitehead/.tsdb-metrics/KitchenSink]
2015-01-27 18:21:48,215 INFO c.h.o.c.o.ConnectivityChecker [main] ConnectivityChecker Started
	URL:http://localhost:4242/api/version
	Period:5 s
	Connect Timeout:5000 ms
	Request Timeout:5 ms
2015-01-27 18:21:48,216 INFO c.h.o.c.o.HttpMetricsPoster [main] AsyncHttpClient Created
2015-01-27 18:21:48,218 INFO c.h.o.c.o.HttpMetricsPoster [main] Registered management MBean for HttpMetricsPoster: [com.heliosapm.opentsdb.client.opentsdb:service=HttpMetricsPoster]
2015-01-27 18:21:48,321 INFO c.h.o.c.o.HttpMetricsPoster [main] 
	=================
	TSDB Connected
	[http://localhost:4242]
	=================

2015-01-27 18:21:48,341 INFO c.h.o.c.o.HttpMetricsPoster$1 [New I/O worker #1] Annotation Post Complete: code:200
